{"D:\\AppTostaduria\\trace-blend\\src\\components\\ui\\ErrorBoundary.tsx": {"path":"D:\\AppTostaduria\\trace-blend\\src\\components\\ui\\ErrorBoundary.tsx","statementMap":{"0":{"start":{"line":19,"column":8},"end":{"line":19,"column":null}},"1":{"start":{"line":23,"column":8},"end":{"line":23,"column":null}},"2":{"start":{"line":27,"column":8},"end":{"line":63,"column":null}},"3":{"start":{"line":54,"column":43},"end":{"line":54,"column":null}},"4":{"start":{"line":65,"column":8},"end":{"line":65,"column":null}},"5":{"start":{"line":13,"column":7},"end":{"line":16,"column":null}}},"fnMap":{"0":{"name":"(anonymous_0)","decl":{"start":{"line":18,"column":18},"end":{"line":18,"column":43}},"loc":{"start":{"line":18,"column":64},"end":{"line":20,"column":null}},"line":18},"1":{"name":"(anonymous_1)","decl":{"start":{"line":22,"column":11},"end":{"line":22,"column":29}},"loc":{"start":{"line":22,"column":65},"end":{"line":24,"column":null}},"line":22},"2":{"name":"(anonymous_2)","decl":{"start":{"line":26,"column":11},"end":{"line":26,"column":20}},"loc":{"start":{"line":26,"column":20},"end":{"line":66,"column":null}},"line":26},"3":{"name":"(anonymous_3)","decl":{"start":{"line":54,"column":37},"end":{"line":54,"column":43}},"loc":{"start":{"line":54,"column":43},"end":{"line":54,"column":null}},"line":54}},"branchMap":{"0":{"loc":{"start":{"line":27,"column":8},"end":{"line":63,"column":null}},"type":"if","locations":[{"start":{"line":27,"column":8},"end":{"line":63,"column":null}},{"start":{},"end":{}}],"line":27}},"s":{"0":6,"1":3,"2":13,"3":0,"4":7,"5":8},"f":{"0":1,"1":3,"2":13,"3":0},"b":{"0":[6,7]},"meta":{"lastBranch":1,"lastFunction":4,"lastStatement":6,"seen":{"f:18:18:18:43":0,"s:19:8:19:Infinity":0,"f:22:11:22:29":1,"s:23:8:23:Infinity":1,"f:26:11:26:20":2,"b:27:8:63:Infinity:undefined:undefined:undefined:undefined":0,"s:27:8:63:Infinity":2,"f:54:37:54:43":3,"s:54:43:54:Infinity":3,"s:65:8:65:Infinity":4,"s:13:7:16:Infinity":5}}}
,"D:\\AppTostaduria\\trace-blend\\src\\pages\\Login.tsx": {"path":"D:\\AppTostaduria\\trace-blend\\src\\pages\\Login.tsx","statementMap":{"0":{"start":{"line":11,"column":8},"end":{"line":11,"column":null}},"1":{"start":{"line":17,"column":3},"end":{"line":19,"column":null}},"2":{"start":{"line":21,"column":19},"end":{"line":33,"column":null}},"3":{"start":{"line":22,"column":4},"end":{"line":32,"column":null}},"4":{"start":{"line":23,"column":24},"end":{"line":26,"column":null}},"5":{"start":{"line":28,"column":6},"end":{"line":28,"column":null}},"6":{"start":{"line":28,"column":17},"end":{"line":28,"column":null}},"7":{"start":{"line":29,"column":6},"end":{"line":29,"column":null}},"8":{"start":{"line":31,"column":6},"end":{"line":31,"column":null}}},"fnMap":{"0":{"name":"Login","decl":{"start":{"line":10,"column":16},"end":{"line":10,"column":null}},"loc":{"start":{"line":10,"column":16},"end":{"line":106,"column":null}},"line":10},"1":{"name":"(anonymous_1)","decl":{"start":{"line":21,"column":19},"end":{"line":21,"column":26}},"loc":{"start":{"line":21,"column":26},"end":{"line":33,"column":null}},"line":21}},"branchMap":{"0":{"loc":{"start":{"line":28,"column":6},"end":{"line":28,"column":null}},"type":"if","locations":[{"start":{"line":28,"column":6},"end":{"line":28,"column":null}},{"start":{},"end":{}}],"line":28},"1":{"loc":{"start":{"line":31,"column":52},"end":{"line":31,"column":96}},"type":"binary-expr","locations":[{"start":{"line":31,"column":52},"end":{"line":31,"column":65}},{"start":{"line":31,"column":69},"end":{"line":31,"column":96}}],"line":31},"2":{"loc":{"start":{"line":55,"column":98},"end":{"line":55,"column":null}},"type":"cond-expr","locations":[{"start":{"line":55,"column":113},"end":{"line":55,"column":153}},{"start":{"line":55,"column":153},"end":{"line":55,"column":null}}],"line":55},"3":{"loc":{"start":{"line":72,"column":98},"end":{"line":72,"column":null}},"type":"cond-expr","locations":[{"start":{"line":72,"column":116},"end":{"line":72,"column":156}},{"start":{"line":72,"column":156},"end":{"line":72,"column":null}}],"line":72}},"s":{"0":26,"1":26,"2":26,"3":4,"4":4,"5":3,"6":1,"7":2,"8":1},"f":{"0":26,"1":4},"b":{"0":[1,2],"1":[1,0],"2":[1,25],"3":[1,25]},"meta":{"lastBranch":4,"lastFunction":2,"lastStatement":9,"seen":{"f:10:16:10:Infinity":0,"s:11:8:11:Infinity":0,"s:17:3:19:Infinity":1,"s:21:19:33:Infinity":2,"f:21:19:21:26":1,"s:22:4:32:Infinity":3,"s:23:24:26:Infinity":4,"b:28:6:28:Infinity:undefined:undefined:undefined:undefined":0,"s:28:6:28:Infinity":5,"s:28:17:28:Infinity":6,"s:29:6:29:Infinity":7,"s:31:6:31:Infinity":8,"b:31:52:31:65:31:69:31:96":1,"b:55:113:55:153:55:153:55:Infinity":2,"b:72:116:72:156:72:156:72:Infinity":3}}}
,"D:\\AppTostaduria\\trace-blend\\src\\services\\authService.ts": {"path":"D:\\AppTostaduria\\trace-blend\\src\\services\\authService.ts","statementMap":{"0":{"start":{"line":16,"column":30},"end":{"line":39,"column":null}},"1":{"start":{"line":17,"column":29},"end":{"line":17,"column":null}},"2":{"start":{"line":18,"column":2},"end":{"line":18,"column":null}},"3":{"start":{"line":18,"column":13},"end":{"line":18,"column":null}},"4":{"start":{"line":21,"column":26},"end":{"line":25,"column":null}},"5":{"start":{"line":27,"column":2},"end":{"line":30,"column":null}},"6":{"start":{"line":28,"column":4},"end":{"line":28,"column":null}},"7":{"start":{"line":29,"column":4},"end":{"line":29,"column":null}},"8":{"start":{"line":32,"column":2},"end":{"line":38,"column":null}},"9":{"start":{"line":41,"column":31},"end":{"line":48,"column":null}},"10":{"start":{"line":42,"column":18},"end":{"line":42,"column":null}},"11":{"start":{"line":44,"column":2},"end":{"line":46,"column":null}},"12":{"start":{"line":45,"column":4},"end":{"line":45,"column":null}},"13":{"start":{"line":47,"column":2},"end":{"line":47,"column":null}},"14":{"start":{"line":50,"column":32},"end":{"line":53,"column":null}},"15":{"start":{"line":51,"column":29},"end":{"line":51,"column":null}},"16":{"start":{"line":52,"column":2},"end":{"line":52,"column":null}}},"fnMap":{"0":{"name":"(anonymous_0)","decl":{"start":{"line":16,"column":30},"end":{"line":16,"column":null}},"loc":{"start":{"line":16,"column":30},"end":{"line":39,"column":null}},"line":16},"1":{"name":"(anonymous_1)","decl":{"start":{"line":41,"column":31},"end":{"line":41,"column":null}},"loc":{"start":{"line":41,"column":31},"end":{"line":48,"column":null}},"line":41},"2":{"name":"(anonymous_2)","decl":{"start":{"line":50,"column":32},"end":{"line":50,"column":null}},"loc":{"start":{"line":50,"column":32},"end":{"line":53,"column":null}},"line":50}},"branchMap":{"0":{"loc":{"start":{"line":18,"column":2},"end":{"line":18,"column":null}},"type":"if","locations":[{"start":{"line":18,"column":2},"end":{"line":18,"column":null}},{"start":{},"end":{}}],"line":18},"1":{"loc":{"start":{"line":27,"column":2},"end":{"line":30,"column":null}},"type":"if","locations":[{"start":{"line":27,"column":2},"end":{"line":30,"column":null}},{"start":{},"end":{}}],"line":27},"2":{"loc":{"start":{"line":27,"column":6},"end":{"line":27,"column":22}},"type":"binary-expr","locations":[{"start":{"line":27,"column":6},"end":{"line":27,"column":15}},{"start":{"line":27,"column":15},"end":{"line":27,"column":22}}],"line":27},"3":{"loc":{"start":{"line":44,"column":2},"end":{"line":46,"column":null}},"type":"if","locations":[{"start":{"line":44,"column":2},"end":{"line":46,"column":null}},{"start":{},"end":{}}],"line":44}},"s":{"0":1,"1":5,"2":5,"3":1,"4":4,"5":4,"6":1,"7":1,"8":3,"9":1,"10":2,"11":2,"12":1,"13":1,"14":1,"15":2,"16":2},"f":{"0":5,"1":2,"2":2},"b":{"0":[1,4],"1":[1,3],"2":[4,3],"3":[1,1]},"meta":{"lastBranch":4,"lastFunction":3,"lastStatement":17,"seen":{"s:16:30:39:Infinity":0,"f:16:30:16:Infinity":0,"s:17:29:17:Infinity":1,"b:18:2:18:Infinity:undefined:undefined:undefined:undefined":0,"s:18:2:18:Infinity":2,"s:18:13:18:Infinity":3,"s:21:26:25:Infinity":4,"b:27:2:30:Infinity:undefined:undefined:undefined:undefined":1,"s:27:2:30:Infinity":5,"b:27:6:27:15:27:15:27:22":2,"s:28:4:28:Infinity":6,"s:29:4:29:Infinity":7,"s:32:2:38:Infinity":8,"s:41:31:48:Infinity":9,"f:41:31:41:Infinity":1,"s:42:18:42:Infinity":10,"b:44:2:46:Infinity:undefined:undefined:undefined:undefined":3,"s:44:2:46:Infinity":11,"s:45:4:45:Infinity":12,"s:47:2:47:Infinity":13,"s:50:32:53:Infinity":14,"f:50:32:50:Infinity":2,"s:51:29:51:Infinity":15,"s:52:2:52:Infinity":16}}}
,"D:\\AppTostaduria\\trace-blend\\src\\utils\\validationSchemas.ts": {"path":"D:\\AppTostaduria\\trace-blend\\src\\utils\\validationSchemas.ts","statementMap":{"0":{"start":{"line":3,"column":27},"end":{"line":6,"column":null}},"1":{"start":{"line":8,"column":30},"end":{"line":15,"column":null}},"2":{"start":{"line":19,"column":31},"end":{"line":29,"column":null}},"3":{"start":{"line":28,"column":39},"end":{"line":28,"column":52}},"4":{"start":{"line":32,"column":26},"end":{"line":42,"column":null}},"5":{"start":{"line":34,"column":45},"end":{"line":34,"column":70}},"6":{"start":{"line":35,"column":32},"end":{"line":35,"column":45}},"7":{"start":{"line":36,"column":40},"end":{"line":36,"column":53}},"8":{"start":{"line":40,"column":35},"end":{"line":40,"column":48}}},"fnMap":{"0":{"name":"(anonymous_0)","decl":{"start":{"line":28,"column":30},"end":{"line":28,"column":31}},"loc":{"start":{"line":28,"column":39},"end":{"line":28,"column":52}},"line":28},"1":{"name":"(anonymous_1)","decl":{"start":{"line":34,"column":36},"end":{"line":34,"column":37}},"loc":{"start":{"line":34,"column":45},"end":{"line":34,"column":70}},"line":34},"2":{"name":"(anonymous_2)","decl":{"start":{"line":35,"column":23},"end":{"line":35,"column":24}},"loc":{"start":{"line":35,"column":32},"end":{"line":35,"column":45}},"line":35},"3":{"name":"(anonymous_3)","decl":{"start":{"line":36,"column":31},"end":{"line":36,"column":32}},"loc":{"start":{"line":36,"column":40},"end":{"line":36,"column":53}},"line":36},"4":{"name":"(anonymous_4)","decl":{"start":{"line":40,"column":26},"end":{"line":40,"column":27}},"loc":{"start":{"line":40,"column":35},"end":{"line":40,"column":48}},"line":40}},"branchMap":{},"s":{"0":2,"1":2,"2":2,"3":0,"4":2,"5":0,"6":0,"7":0,"8":0},"f":{"0":0,"1":0,"2":0,"3":0,"4":0},"b":{},"meta":{"lastBranch":0,"lastFunction":5,"lastStatement":9,"seen":{"s:3:27:6:Infinity":0,"s:8:30:15:Infinity":1,"s:19:31:29:Infinity":2,"f:28:30:28:31":0,"s:28:39:28:52":3,"s:32:26:42:Infinity":4,"f:34:36:34:37":1,"s:34:45:34:70":5,"f:35:23:35:24":2,"s:35:32:35:45":6,"f:36:31:36:32":3,"s:36:40:36:53":7,"f:40:26:40:27":4,"s:40:35:40:48":8}}}
}
